<?xml version="1.0" encoding="UTF-8"?>
<!-- Generated by org.testng.reporters.JUnitXMLReporter -->
<testsuite ignored="3" hostname="LAPTOP-1DFLN555" failures="1" tests="2" name="Test" time="0.073" errors="0" timestamp="2023-08-10T22:29:47 IST">
  <testcase classname="TestNGBasics.groupsInTestNG" name="method1" time="0.009"/>
  <testcase classname="TestNGBasics.test2TestNG" name="method1" time="0.0">
    <failure type="org.testng.TestNGException" message="
Parameter &amp;apos;userName&amp;apos; is required by @Test on method method1 but has not been marked @Optional or defined
in C:\Users\gauri\eclipse-workspace\TestNGproject\testng.xml">
      <![CDATA[org.testng.TestNGException: 
Parameter 'userName' is required by @Test on method method1 but has not been marked @Optional or defined
in C:\Users\gauri\eclipse-workspace\TestNGproject\testng.xml
at java.base/java.util.ArrayList.forEach(ArrayList.java:1511)
... Removed 26 stack frames]]>
    </failure>
  </testcase> <!-- method1 -->
  <testcase classname="TestNGBasics.groupsInTestNG" name="method3" time="0.0">
    <ignored/>
  </testcase> <!-- method3 -->
  <testcase classname="TestNGBasics.test2TestNG" name="method2" time="0.0">
    <ignored/>
  </testcase> <!-- method2 -->
  <testcase classname="TestNGBasics.groupsInTestNG" name="method2" time="0.0">
    <ignored/>
  </testcase> <!-- method2 -->
</testsuite> <!-- Test -->
